[2026-02-23 16:27:54] 🚀 系统守护进程启动
[2026-02-23 16:27:54] ❌ Dashboard 未运行，正在重启...
[2026-02-23 16:27:57] ✅ Dashboard 重启成功
[2026-02-23 16:27:57] ❌ 交易进程未运行，正在重启...
[2026-02-23 16:28:00] ✅ 交易进程重启成功
[2026-02-23 16:29:00] ✅ Dashboard 运行正常
[2026-02-23 16:29:00] ✅ 交易进程运行正常 (1 个实例)
[2026-02-23 16:30:00] ✅ Dashboard 运行正常
[2026-02-23 16:30:01] ✅ 交易进程运行正常 (1 个实例)
[2026-02-23 16:31:01] ✅ Dashboard 运行正常
[2026-02-23 16:31:01] ✅ 交易进程运行正常 (1 个实例)
[2026-02-23 16:32:01] ✅ Dashboard 运行正常
[2026-02-23 16:32:01] ✅ 交易进程运行正常 (1 个实例)
[2026-02-23 16:33:01] ✅ Dashboard 运行正常
[2026-02-23 16:33:01] ✅ 交易进程运行正常 (1 个实例)
[2026-02-23 16:34:01] ✅ Dashboard 运行正常
[2026-02-23 16:34:01] ✅ 交易进程运行正常 (1 个实例)
[2026-02-23 16:35:01] ✅ Dashboard 运行正常
[2026-02-23 16:35:01] ✅ 交易进程运行正常 (1 个实例)
[2026-02-23 16:36:02] ✅ Dashboard 运行正常
[2026-02-23 16:36:02] ✅ 交易进程运行正常 (1 个实例)
[2026-02-23 16:37:02] ✅ Dashboard 运行正常
[2026-02-23 16:37:02] ✅ 交易进程运行正常 (1 个实例)
[2026-02-23 16:38:02] ✅ Dashboard 运行正常
[2026-02-23 16:38:02] ✅ 交易进程运行正常 (1 个实例)
[2026-02-23 16:39:02] ✅ Dashboard 运行正常
[2026-02-23 16:39:02] ✅ 交易进程运行正常 (1 个实例)
[2026-02-23 16:40:02] ✅ Dashboard 运行正常
[2026-02-23 16:40:02] ✅ 交易进程运行正常 (1 个实例)
[2026-02-23 16:41:02] ✅ Dashboard 运行正常
[2026-02-23 16:41:02] ✅ 交易进程运行正常 (1 个实例)
[2026-02-23 16:42:03] ✅ Dashboard 运行正常
[2026-02-23 16:42:03] ✅ 交易进程运行正常 (1 个实例)
[2026-02-23 16:43:03] ✅ Dashboard 运行正常
[2026-02-23 16:43:03] ✅ 交易进程运行正常 (1 个实例)
[2026-02-23 16:44:03] ✅ Dashboard 运行正常
[2026-02-23 16:44:03] ✅ 交易进程运行正常 (1 个实例)
[2026-02-23 16:45:03] ✅ Dashboard 运行正常
[2026-02-23 16:45:03] ✅ 交易进程运行正常 (1 个实例)
[2026-02-23 16:46:03] ✅ Dashboard 运行正常
[2026-02-23 16:46:03] ✅ 交易进程运行正常 (1 个实例)
[2026-02-23 16:47:03] ✅ Dashboard 运行正常
[2026-02-23 16:47:04] ✅ 交易进程运行正常 (1 个实例)
[2026-02-23 16:48:04] ✅ Dashboard 运行正常
[2026-02-23 16:48:04] ✅ 交易进程运行正常 (1 个实例)
[2026-02-23 16:49:04] ✅ Dashboard 运行正常
[2026-02-23 16:49:04] ✅ 交易进程运行正常 (1 个实例)
[2026-02-23 16:50:04] ✅ Dashboard 运行正常
[2026-02-23 16:50:04] ✅ 交易进程运行正常 (1 个实例)
[2026-02-23 16:51:04] ✅ Dashboard 运行正常
[2026-02-23 16:51:04] ✅ 交易进程运行正常 (1 个实例)
[2026-02-23 16:52:04] ✅ Dashboard 运行正常
[2026-02-23 16:52:04] ✅ 交易进程运行正常 (1 个实例)
[2026-02-23 16:53:05] ✅ Dashboard 运行正常
[2026-02-23 16:53:05] ✅ 交易进程运行正常 (1 个实例)
[2026-02-23 16:54:05] ✅ Dashboard 运行正常
[2026-02-23 16:54:05] ✅ 交易进程运行正常 (1 个实例)
[2026-02-23 16:55:05] ✅ Dashboard 运行正常
[2026-02-23 16:55:05] ✅ 交易进程运行正常 (1 个实例)
[2026-02-23 16:56:05] ✅ Dashboard 运行正常
[2026-02-23 16:56:05] ✅ 交易进程运行正常 (1 个实例)
[2026-02-23 16:57:05] ✅ Dashboard 运行正常
[2026-02-23 16:57:05] ✅ 交易进程运行正常 (1 个实例)

[2026-02-23 16:57:05] ✅ 交易进程运行正常 (1 个实例)
